{"C:\\Users\\familiar\\Documents\\GitHub\\todolistapp\\src\\modules\\storageMethods.js": {"path":"C:\\Users\\familiar\\Documents\\GitHub\\todolistapp\\src\\modules\\storageMethods.js","statementMap":{"0":{"start":{"line":5,"column":20},"end":{"line":5,"column":49}},"1":{"start":{"line":6,"column":18},"end":{"line":6,"column":52}},"2":{"start":{"line":7,"column":4},"end":{"line":10,"column":5}},"3":{"start":{"line":8,"column":6},"end":{"line":8,"column":72}},"4":{"start":{"line":8,"column":42},"end":{"line":8,"column":68}},"5":{"start":{"line":9,"column":6},"end":{"line":9,"column":59}},"6":{"start":{"line":11,"column":4},"end":{"line":11,"column":17}},"7":{"start":{"line":15,"column":4},"end":{"line":15,"column":32}},"8":{"start":{"line":15,"column":22},"end":{"line":15,"column":32}},"9":{"start":{"line":16,"column":20},"end":{"line":16,"column":49}},"10":{"start":{"line":17,"column":18},"end":{"line":17,"column":52}},"11":{"start":{"line":18,"column":17},"end":{"line":18,"column":56}},"12":{"start":{"line":19,"column":4},"end":{"line":19,"column":21}},"13":{"start":{"line":20,"column":4},"end":{"line":20,"column":57}},"14":{"start":{"line":22,"column":17},"end":{"line":22,"column":48}},"15":{"start":{"line":23,"column":4},"end":{"line":37,"column":12}},"16":{"start":{"line":38,"column":4},"end":{"line":38,"column":17}},"17":{"start":{"line":42,"column":20},"end":{"line":42,"column":49}},"18":{"start":{"line":43,"column":18},"end":{"line":43,"column":52}},"19":{"start":{"line":44,"column":4},"end":{"line":44,"column":32}},"20":{"start":{"line":44,"column":22},"end":{"line":44,"column":32}},"21":{"start":{"line":45,"column":20},"end":{"line":45,"column":39}},"22":{"start":{"line":46,"column":4},"end":{"line":46,"column":57}},"23":{"start":{"line":47,"column":4},"end":{"line":47,"column":23}},"24":{"start":{"line":48,"column":4},"end":{"line":48,"column":21}},"25":{"start":{"line":49,"column":4},"end":{"line":49,"column":19}},"26":{"start":{"line":53,"column":20},"end":{"line":53,"column":49}},"27":{"start":{"line":54,"column":18},"end":{"line":54,"column":52}},"28":{"start":{"line":55,"column":4},"end":{"line":55,"column":32}},"29":{"start":{"line":55,"column":22},"end":{"line":55,"column":32}},"30":{"start":{"line":56,"column":4},"end":{"line":56,"column":35}},"31":{"start":{"line":57,"column":4},"end":{"line":57,"column":57}},"32":{"start":{"line":59,"column":4},"end":{"line":59,"column":18}},"33":{"start":{"line":63,"column":20},"end":{"line":63,"column":49}},"34":{"start":{"line":64,"column":18},"end":{"line":64,"column":52}},"35":{"start":{"line":65,"column":17},"end":{"line":65,"column":48}},"36":{"start":{"line":66,"column":4},"end":{"line":66,"column":24}},"37":{"start":{"line":67,"column":4},"end":{"line":86,"column":5}},"38":{"start":{"line":68,"column":6},"end":{"line":85,"column":9}},"39":{"start":{"line":69,"column":24},"end":{"line":69,"column":58}},"40":{"start":{"line":70,"column":8},"end":{"line":84,"column":10}}},"fnMap":{"0":{"name":"(anonymous_0)","decl":{"start":{"line":4,"column":2},"end":{"line":4,"column":3}},"loc":{"start":{"line":4,"column":20},"end":{"line":12,"column":3}},"line":4},"1":{"name":"(anonymous_1)","decl":{"start":{"line":8,"column":20},"end":{"line":8,"column":21}},"loc":{"start":{"line":8,"column":40},"end":{"line":8,"column":70}},"line":8},"2":{"name":"(anonymous_2)","decl":{"start":{"line":14,"column":2},"end":{"line":14,"column":3}},"loc":{"start":{"line":14,"column":26},"end":{"line":39,"column":3}},"line":14},"3":{"name":"(anonymous_3)","decl":{"start":{"line":41,"column":2},"end":{"line":41,"column":3}},"loc":{"start":{"line":41,"column":20},"end":{"line":50,"column":3}},"line":41},"4":{"name":"(anonymous_4)","decl":{"start":{"line":52,"column":2},"end":{"line":52,"column":3}},"loc":{"start":{"line":52,"column":26},"end":{"line":60,"column":3}},"line":52},"5":{"name":"(anonymous_5)","decl":{"start":{"line":62,"column":2},"end":{"line":62,"column":3}},"loc":{"start":{"line":62,"column":18},"end":{"line":87,"column":3}},"line":62},"6":{"name":"(anonymous_6)","decl":{"start":{"line":68,"column":20},"end":{"line":68,"column":21}},"loc":{"start":{"line":68,"column":33},"end":{"line":85,"column":7}},"line":68}},"branchMap":{"0":{"loc":{"start":{"line":6,"column":18},"end":{"line":6,"column":52}},"type":"cond-expr","locations":[{"start":{"line":6,"column":28},"end":{"line":6,"column":47}},{"start":{"line":6,"column":50},"end":{"line":6,"column":52}}],"line":6},"1":{"loc":{"start":{"line":7,"column":4},"end":{"line":10,"column":5}},"type":"if","locations":[{"start":{"line":7,"column":4},"end":{"line":10,"column":5}},{"start":{},"end":{}}],"line":7},"2":{"loc":{"start":{"line":15,"column":4},"end":{"line":15,"column":32}},"type":"if","locations":[{"start":{"line":15,"column":4},"end":{"line":15,"column":32}},{"start":{},"end":{}}],"line":15},"3":{"loc":{"start":{"line":17,"column":18},"end":{"line":17,"column":52}},"type":"cond-expr","locations":[{"start":{"line":17,"column":28},"end":{"line":17,"column":47}},{"start":{"line":17,"column":50},"end":{"line":17,"column":52}}],"line":17},"4":{"loc":{"start":{"line":43,"column":18},"end":{"line":43,"column":52}},"type":"cond-expr","locations":[{"start":{"line":43,"column":28},"end":{"line":43,"column":47}},{"start":{"line":43,"column":50},"end":{"line":43,"column":52}}],"line":43},"5":{"loc":{"start":{"line":44,"column":4},"end":{"line":44,"column":32}},"type":"if","locations":[{"start":{"line":44,"column":4},"end":{"line":44,"column":32}},{"start":{},"end":{}}],"line":44},"6":{"loc":{"start":{"line":54,"column":18},"end":{"line":54,"column":52}},"type":"cond-expr","locations":[{"start":{"line":54,"column":28},"end":{"line":54,"column":47}},{"start":{"line":54,"column":50},"end":{"line":54,"column":52}}],"line":54},"7":{"loc":{"start":{"line":55,"column":4},"end":{"line":55,"column":32}},"type":"if","locations":[{"start":{"line":55,"column":4},"end":{"line":55,"column":32}},{"start":{},"end":{}}],"line":55},"8":{"loc":{"start":{"line":64,"column":18},"end":{"line":64,"column":52}},"type":"cond-expr","locations":[{"start":{"line":64,"column":28},"end":{"line":64,"column":47}},{"start":{"line":64,"column":50},"end":{"line":64,"column":52}}],"line":64},"9":{"loc":{"start":{"line":67,"column":4},"end":{"line":86,"column":5}},"type":"if","locations":[{"start":{"line":67,"column":4},"end":{"line":86,"column":5}},{"start":{},"end":{}}],"line":67},"10":{"loc":{"start":{"line":69,"column":24},"end":{"line":69,"column":58}},"type":"cond-expr","locations":[{"start":{"line":69,"column":44},"end":{"line":69,"column":53}},{"start":{"line":69,"column":56},"end":{"line":69,"column":58}}],"line":69}},"s":{"0":1,"1":1,"2":1,"3":1,"4":1,"5":1,"6":1,"7":3,"8":1,"9":2,"10":2,"11":2,"12":2,"13":2,"14":2,"15":2,"16":2,"17":1,"18":1,"19":1,"20":0,"21":1,"22":1,"23":1,"24":1,"25":1,"26":0,"27":0,"28":0,"29":0,"30":0,"31":0,"32":0,"33":1,"34":1,"35":1,"36":1,"37":1,"38":1,"39":1,"40":1},"f":{"0":1,"1":1,"2":3,"3":1,"4":0,"5":1,"6":1},"b":{"0":[1,0],"1":[1,0],"2":[1,2],"3":[1,1],"4":[1,0],"5":[0,1],"6":[0,0],"7":[0,0],"8":[1,0],"9":[1,0],"10":[0,1]},"_coverageSchema":"1a1c01bbd47fc00a2c39e90264f33305004495a9","hash":"d6389e076f6a78b2606a3d446d1834fd5795bb6b"}
,"C:\\Users\\familiar\\Documents\\GitHub\\todolistapp\\src\\modules\\taskConstructor.js": {"path":"C:\\Users\\familiar\\Documents\\GitHub\\todolistapp\\src\\modules\\taskConstructor.js","statementMap":{"0":{"start":{"line":3,"column":4},"end":{"line":3,"column":35}},"1":{"start":{"line":4,"column":4},"end":{"line":4,"column":27}},"2":{"start":{"line":5,"column":4},"end":{"line":5,"column":23}}},"fnMap":{"0":{"name":"(anonymous_0)","decl":{"start":{"line":2,"column":2},"end":{"line":2,"column":3}},"loc":{"start":{"line":2,"column":38},"end":{"line":6,"column":3}},"line":2}},"branchMap":{"0":{"loc":{"start":{"line":2,"column":27},"end":{"line":2,"column":36}},"type":"default-arg","locations":[{"start":{"line":2,"column":35},"end":{"line":2,"column":36}}],"line":2}},"s":{"0":2,"1":2,"2":2},"f":{"0":2},"b":{"0":[0]},"_coverageSchema":"1a1c01bbd47fc00a2c39e90264f33305004495a9","hash":"52b236e9e52d7eeba0aa90e77f89c635ac33a4b7"}
}
